<?xml version="1.0" encoding="UTF-8"?>
<testsuite xmlns:xsi="http://www.w3.org/2001/XMLSchema-instance" xsi:noNamespaceSchemaLocation="https://maven.apache.org/surefire/maven-surefire-plugin/xsd/surefire-test-report-3.0.xsd" version="3.0" name="med.voll.api.ApiApplicationTests" time="22.65" tests="1" errors="0" skipped="0" failures="0">
  <properties>
[...]
</properties>
  <testcase name="contextLoads" classname="med.voll.api.ApiApplicationTests" time="4.343">
    <system-out><![CDATA[13:52:24.267 [main] INFO org.springframework.test.context.support.AnnotationConfigContextLoaderUtils -- Could not detect default configuration classes for test class [med.voll.api.ApiApplicationTests]: ApiApplicationTests does not declare any static, non-private, non-final, nested classes annotated with @Configuration.
13:52:25.344 [main] INFO org.springframework.boot.test.context.SpringBootTestContextBootstrapper -- Found @SpringBootConfiguration med.voll.api.ApiApplication for test class med.voll.api.ApiApplicationTests
13:52:26.479 [main] INFO org.springframework.boot.devtools.restart.RestartApplicationListener -- Restart disabled due to context in which it is running

  .   ____          _            __ _ _
 /\\ / ___'_ __ _ _(_)_ __  __ _ \ \ \ \
( ( )\___ | '_ | '_| | '_ \/ _` | \ \ \ \
 \\/  ___)| |_)| | | | | || (_| |  ) ) ) )
  '  |____| .__|_| |_|_| |_\__, | / / / /
 =========|_|==============|___/=/_/_/_/
 :: Spring Boot ::                (v3.2.5)

2024-05-20T13:52:29.591Z  INFO 4078 --- [api] [           main] med.voll.api.ApiApplicationTests         : Starting ApiApplicationTests using Java 17.0.5 with PID 4078 (started by runner in /home/runner/GraveNearRuby)
2024-05-20T13:52:29.595Z  INFO 4078 --- [api] [           main] med.voll.api.ApiApplicationTests         : No active profile set, falling back to 1 default profile: "default"
2024-05-20T13:52:40.637Z  INFO 4078 --- [api] [           main] med.voll.api.ApiApplicationTests         : Started ApiApplicationTests in 14.225 seconds (process running for 24.997)
]]></system-out>
  </testcase>
</testsuite>